Arguments: 
  /usr/local/bin/node /usr/local/bin/yarn add react @types/react react-dom @types/react-dom

PATH: 
  /usr/local/bin:/usr/bin:/bin:/usr/sbin:/sbin

Yarn version: 
  1.9.2

Node version: 
  11.8.0

Platform: 
  darwin x64

Trace: 
  SyntaxError: /Users/ji-myeongjeong/Desktop/study/toy/react-type1/package.json: Unexpected token , in JSON at position 135
      at JSON.parse (<anonymous>)
      at /usr/local/lib/node_modules/yarn/lib/cli.js:1130:59
      at Generator.next (<anonymous>)
      at step (/usr/local/lib/node_modules/yarn/lib/cli.js:92:30)
      at /usr/local/lib/node_modules/yarn/lib/cli.js:103:13

npm manifest: 
  {
    "name": "react-type1",
    "version": "1.0.0",
    "main": "index.js",
    "author": "jimyeong <idjjm92@gmail.com>",
    "license": "MIT"
  },
  "scripts": {
    "test": "echo \"Error: no test specified\" && exit 1",
    "start": "node_modules/.bin/webpack-dev-server",
    "build": "webpack --config webpack.config.js"
  },
  "license": "MIT",
  "dependencies": {
    "@types/history": "^4.7.2",
    "@types/react": "^16.8.2",
    "@types/react-dom": "^16.8.0",
    "@types/react-router": "^4.4.3",
    "awesome-typescript-loader": "^5.2.1",
    "babel": "^6.23.0",
    "babel-core": "^6.26.3",
    "babel-loader": "^8.0.5",
    "babel-preset-env": "^1.7.0",
    "css-loader": "^2.1.0",
    "history": "^4.7.2",
    "html-webpack-plugin": "^3.2.0",
    "less": "^3.9.0",
    "less-loader": "^4.1.0",
    "mini-css-extract-plugin": "^0.5.0",
    "path": "^0.12.7",
    "react": "^16.8.1",
    "react-dom": "^16.8.1",
    "react-router": "^4.3.1",
    "typescript": "3.1.6",
    "webpack": "^4.29.3",
    "webpack-cli": "^3.2.3",
    "webpack-dev-server": "^3.1.14"
  }

yarn manifest: 
  No manifest

Lockfile: 
  No lockfile
